[93mWARNING [0m:   DEPRECATED FEATURE: flwr.client.start_numpy_client() is deprecated. 
	Instead, use `flwr.client.start_client()` by ensuring you first call the `.to_client()` method as shown below: 
	flwr.client.start_client(
		server_address='<IP>:<PORT>',
		client=FlowerClient().to_client(), # <-- where FlowerClient is of type flwr.client.NumPyClient object
	)
	Using `start_numpy_client()` is deprecated.

            This is a deprecated feature. It will be removed
            entirely in future versions of Flower.
        
[93mWARNING [0m:   DEPRECATED FEATURE: flwr.client.start_client() is deprecated.
	Instead, use the `flower-supernode` CLI command to start a SuperNode as shown below:

		$ flower-supernode --insecure --superlink='<IP>:<PORT>'

	To view all available options, run:

		$ flower-supernode --help

	Using `start_client()` is deprecated.

            This is a deprecated feature. It will be removed
            entirely in future versions of Flower.
        
[92mINFO [0m:      
[92mINFO [0m:      Received: train message 90ce90ab-a197-4fa7-89f9-f41143c69219
D:\VIT VELLORE\Academics\SET_PROJECT\Fed-Breath\client.py:44: DeprecationWarning: torch.ao.quantization is deprecated and will be removed in 2.10. 
For migrations of users: 
1. Eager mode quantization (torch.ao.quantization.quantize, torch.ao.quantization.quantize_dynamic), please migrate to use torchao eager mode quantize_ API instead 
2. FX graph mode quantization (torch.ao.quantization.quantize_fx.prepare_fx,torch.ao.quantization.quantize_fx.convert_fx, please migrate to use torchao pt2e quantization API instead (prepare_pt2e, convert_pt2e) 
3. pt2e quantization has been migrated to torchao (https://github.com/pytorch/ao/tree/main/torchao/quantization/pt2e) 
see https://github.com/pytorch/ao/issues/2259 for more details
  return torch.quantization.quantize_dynamic(
[92mINFO [0m:      Sent reply
[92mINFO [0m:      
[92mINFO [0m:      Received: evaluate message 44285eeb-6327-4575-8ead-90b5207d6203
[92mINFO [0m:      Sent reply
[92mINFO [0m:      
[92mINFO [0m:      Received: train message 94c804a5-de87-4553-ab86-7692dd9f8a21
D:\VIT VELLORE\Academics\SET_PROJECT\Fed-Breath\client.py:44: DeprecationWarning: torch.ao.quantization is deprecated and will be removed in 2.10. 
For migrations of users: 
1. Eager mode quantization (torch.ao.quantization.quantize, torch.ao.quantization.quantize_dynamic), please migrate to use torchao eager mode quantize_ API instead 
2. FX graph mode quantization (torch.ao.quantization.quantize_fx.prepare_fx,torch.ao.quantization.quantize_fx.convert_fx, please migrate to use torchao pt2e quantization API instead (prepare_pt2e, convert_pt2e) 
3. pt2e quantization has been migrated to torchao (https://github.com/pytorch/ao/tree/main/torchao/quantization/pt2e) 
see https://github.com/pytorch/ao/issues/2259 for more details
  return torch.quantization.quantize_dynamic(
[92mINFO [0m:      Sent reply
[92mINFO [0m:      
[92mINFO [0m:      Received: evaluate message 86c86f80-df77-4ffc-82c9-3a960603890c
[92mINFO [0m:      Sent reply
[92mINFO [0m:      
[92mINFO [0m:      Received: train message 8ad8d795-5164-4c3f-a989-b0a05f64f8fc
D:\VIT VELLORE\Academics\SET_PROJECT\Fed-Breath\client.py:44: DeprecationWarning: torch.ao.quantization is deprecated and will be removed in 2.10. 
For migrations of users: 
1. Eager mode quantization (torch.ao.quantization.quantize, torch.ao.quantization.quantize_dynamic), please migrate to use torchao eager mode quantize_ API instead 
2. FX graph mode quantization (torch.ao.quantization.quantize_fx.prepare_fx,torch.ao.quantization.quantize_fx.convert_fx, please migrate to use torchao pt2e quantization API instead (prepare_pt2e, convert_pt2e) 
3. pt2e quantization has been migrated to torchao (https://github.com/pytorch/ao/tree/main/torchao/quantization/pt2e) 
see https://github.com/pytorch/ao/issues/2259 for more details
  return torch.quantization.quantize_dynamic(
[92mINFO [0m:      Sent reply
[92mINFO [0m:      
[92mINFO [0m:      Received: evaluate message e9b2c532-cc60-4de9-8f36-22c22012ee1b
[92mINFO [0m:      Sent reply
[92mINFO [0m:      
[92mINFO [0m:      Received: train message be911258-311d-4b67-bedb-1ea8fa334c2c
D:\VIT VELLORE\Academics\SET_PROJECT\Fed-Breath\client.py:44: DeprecationWarning: torch.ao.quantization is deprecated and will be removed in 2.10. 
For migrations of users: 
1. Eager mode quantization (torch.ao.quantization.quantize, torch.ao.quantization.quantize_dynamic), please migrate to use torchao eager mode quantize_ API instead 
2. FX graph mode quantization (torch.ao.quantization.quantize_fx.prepare_fx,torch.ao.quantization.quantize_fx.convert_fx, please migrate to use torchao pt2e quantization API instead (prepare_pt2e, convert_pt2e) 
3. pt2e quantization has been migrated to torchao (https://github.com/pytorch/ao/tree/main/torchao/quantization/pt2e) 
see https://github.com/pytorch/ao/issues/2259 for more details
  return torch.quantization.quantize_dynamic(
[92mINFO [0m:      Sent reply
[92mINFO [0m:      
[92mINFO [0m:      Received: evaluate message d99c7bd8-13fe-4609-b540-a0b67efe6edc
[92mINFO [0m:      Sent reply
[92mINFO [0m:      
[92mINFO [0m:      Received: train message af2163e4-b091-4067-8773-06307148a8be
D:\VIT VELLORE\Academics\SET_PROJECT\Fed-Breath\client.py:44: DeprecationWarning: torch.ao.quantization is deprecated and will be removed in 2.10. 
For migrations of users: 
1. Eager mode quantization (torch.ao.quantization.quantize, torch.ao.quantization.quantize_dynamic), please migrate to use torchao eager mode quantize_ API instead 
2. FX graph mode quantization (torch.ao.quantization.quantize_fx.prepare_fx,torch.ao.quantization.quantize_fx.convert_fx, please migrate to use torchao pt2e quantization API instead (prepare_pt2e, convert_pt2e) 
3. pt2e quantization has been migrated to torchao (https://github.com/pytorch/ao/tree/main/torchao/quantization/pt2e) 
see https://github.com/pytorch/ao/issues/2259 for more details
  return torch.quantization.quantize_dynamic(
[92mINFO [0m:      Sent reply
[92mINFO [0m:      
[92mINFO [0m:      Received: evaluate message ab0e242c-cb1f-475f-9008-6c5b87221ac8
[92mINFO [0m:      Sent reply
[92mINFO [0m:      
[92mINFO [0m:      Received: train message 94ebb686-f4d7-417b-a0d2-eb702ee3fb05
D:\VIT VELLORE\Academics\SET_PROJECT\Fed-Breath\client.py:44: DeprecationWarning: torch.ao.quantization is deprecated and will be removed in 2.10. 
For migrations of users: 
1. Eager mode quantization (torch.ao.quantization.quantize, torch.ao.quantization.quantize_dynamic), please migrate to use torchao eager mode quantize_ API instead 
2. FX graph mode quantization (torch.ao.quantization.quantize_fx.prepare_fx,torch.ao.quantization.quantize_fx.convert_fx, please migrate to use torchao pt2e quantization API instead (prepare_pt2e, convert_pt2e) 
3. pt2e quantization has been migrated to torchao (https://github.com/pytorch/ao/tree/main/torchao/quantization/pt2e) 
see https://github.com/pytorch/ao/issues/2259 for more details
  return torch.quantization.quantize_dynamic(
[92mINFO [0m:      Sent reply
[92mINFO [0m:      
[92mINFO [0m:      Received: evaluate message 39bdae3f-fdaf-428f-9524-bc578898ab4d
[92mINFO [0m:      Sent reply
[92mINFO [0m:      
[92mINFO [0m:      Received: train message 9d1ad664-c550-4c37-bfbb-f5acb72828c1
D:\VIT VELLORE\Academics\SET_PROJECT\Fed-Breath\client.py:44: DeprecationWarning: torch.ao.quantization is deprecated and will be removed in 2.10. 
For migrations of users: 
1. Eager mode quantization (torch.ao.quantization.quantize, torch.ao.quantization.quantize_dynamic), please migrate to use torchao eager mode quantize_ API instead 
2. FX graph mode quantization (torch.ao.quantization.quantize_fx.prepare_fx,torch.ao.quantization.quantize_fx.convert_fx, please migrate to use torchao pt2e quantization API instead (prepare_pt2e, convert_pt2e) 
3. pt2e quantization has been migrated to torchao (https://github.com/pytorch/ao/tree/main/torchao/quantization/pt2e) 
see https://github.com/pytorch/ao/issues/2259 for more details
  return torch.quantization.quantize_dynamic(
[92mINFO [0m:      Sent reply
[92mINFO [0m:      
[92mINFO [0m:      Received: evaluate message 9d1eb2a1-3385-4c74-9c1f-c4de91cc84b2
[92mINFO [0m:      Sent reply
[92mINFO [0m:      
[92mINFO [0m:      Received: train message 0b6a1dea-e390-4a7d-9356-9a222b7765f0
D:\VIT VELLORE\Academics\SET_PROJECT\Fed-Breath\client.py:44: DeprecationWarning: torch.ao.quantization is deprecated and will be removed in 2.10. 
For migrations of users: 
1. Eager mode quantization (torch.ao.quantization.quantize, torch.ao.quantization.quantize_dynamic), please migrate to use torchao eager mode quantize_ API instead 
2. FX graph mode quantization (torch.ao.quantization.quantize_fx.prepare_fx,torch.ao.quantization.quantize_fx.convert_fx, please migrate to use torchao pt2e quantization API instead (prepare_pt2e, convert_pt2e) 
3. pt2e quantization has been migrated to torchao (https://github.com/pytorch/ao/tree/main/torchao/quantization/pt2e) 
see https://github.com/pytorch/ao/issues/2259 for more details
  return torch.quantization.quantize_dynamic(
[92mINFO [0m:      Sent reply
[92mINFO [0m:      
[92mINFO [0m:      Received: evaluate message 5c5251b2-e0a8-4d07-8a0b-02bdd9ab265e
[92mINFO [0m:      Sent reply
[92mINFO [0m:      
[92mINFO [0m:      Received: train message a0f4b5c1-99d0-4f56-ab3c-210007be1dac
D:\VIT VELLORE\Academics\SET_PROJECT\Fed-Breath\client.py:44: DeprecationWarning: torch.ao.quantization is deprecated and will be removed in 2.10. 
For migrations of users: 
1. Eager mode quantization (torch.ao.quantization.quantize, torch.ao.quantization.quantize_dynamic), please migrate to use torchao eager mode quantize_ API instead 
2. FX graph mode quantization (torch.ao.quantization.quantize_fx.prepare_fx,torch.ao.quantization.quantize_fx.convert_fx, please migrate to use torchao pt2e quantization API instead (prepare_pt2e, convert_pt2e) 
3. pt2e quantization has been migrated to torchao (https://github.com/pytorch/ao/tree/main/torchao/quantization/pt2e) 
see https://github.com/pytorch/ao/issues/2259 for more details
  return torch.quantization.quantize_dynamic(
[92mINFO [0m:      Sent reply
[92mINFO [0m:      
[92mINFO [0m:      Received: evaluate message 4c03bc6a-1daa-42a9-8ab6-9cebab47cc44
[92mINFO [0m:      Sent reply
[92mINFO [0m:      
[92mINFO [0m:      Received: train message c0a1522c-ce2f-4a5e-9c8c-a28a181c0996
D:\VIT VELLORE\Academics\SET_PROJECT\Fed-Breath\client.py:44: DeprecationWarning: torch.ao.quantization is deprecated and will be removed in 2.10. 
For migrations of users: 
1. Eager mode quantization (torch.ao.quantization.quantize, torch.ao.quantization.quantize_dynamic), please migrate to use torchao eager mode quantize_ API instead 
2. FX graph mode quantization (torch.ao.quantization.quantize_fx.prepare_fx,torch.ao.quantization.quantize_fx.convert_fx, please migrate to use torchao pt2e quantization API instead (prepare_pt2e, convert_pt2e) 
3. pt2e quantization has been migrated to torchao (https://github.com/pytorch/ao/tree/main/torchao/quantization/pt2e) 
see https://github.com/pytorch/ao/issues/2259 for more details
  return torch.quantization.quantize_dynamic(
[92mINFO [0m:      Sent reply
[92mINFO [0m:      
[92mINFO [0m:      Received: evaluate message 35b62b5e-de44-4188-bce9-1f41a29f2ce8
[92mINFO [0m:      Sent reply
[92mINFO [0m:      
[92mINFO [0m:      Received: train message 525d5fca-46b8-4d81-94d9-f1c11e65a02d
D:\VIT VELLORE\Academics\SET_PROJECT\Fed-Breath\client.py:44: DeprecationWarning: torch.ao.quantization is deprecated and will be removed in 2.10. 
For migrations of users: 
1. Eager mode quantization (torch.ao.quantization.quantize, torch.ao.quantization.quantize_dynamic), please migrate to use torchao eager mode quantize_ API instead 
2. FX graph mode quantization (torch.ao.quantization.quantize_fx.prepare_fx,torch.ao.quantization.quantize_fx.convert_fx, please migrate to use torchao pt2e quantization API instead (prepare_pt2e, convert_pt2e) 
3. pt2e quantization has been migrated to torchao (https://github.com/pytorch/ao/tree/main/torchao/quantization/pt2e) 
see https://github.com/pytorch/ao/issues/2259 for more details
  return torch.quantization.quantize_dynamic(
[92mINFO [0m:      Sent reply
[92mINFO [0m:      
[92mINFO [0m:      Received: evaluate message 3def9a78-be8e-4feb-b8c0-3f5cd327e21d
[92mINFO [0m:      Sent reply
[92mINFO [0m:      
[92mINFO [0m:      Received: train message bafdefec-416d-41de-b928-3857e3388046
D:\VIT VELLORE\Academics\SET_PROJECT\Fed-Breath\client.py:44: DeprecationWarning: torch.ao.quantization is deprecated and will be removed in 2.10. 
For migrations of users: 
1. Eager mode quantization (torch.ao.quantization.quantize, torch.ao.quantization.quantize_dynamic), please migrate to use torchao eager mode quantize_ API instead 
2. FX graph mode quantization (torch.ao.quantization.quantize_fx.prepare_fx,torch.ao.quantization.quantize_fx.convert_fx, please migrate to use torchao pt2e quantization API instead (prepare_pt2e, convert_pt2e) 
3. pt2e quantization has been migrated to torchao (https://github.com/pytorch/ao/tree/main/torchao/quantization/pt2e) 
see https://github.com/pytorch/ao/issues/2259 for more details
  return torch.quantization.quantize_dynamic(
[92mINFO [0m:      Sent reply
[92mINFO [0m:      
[92mINFO [0m:      Received: evaluate message 2c16117a-6eff-4727-9a67-afc98eeb43da
[92mINFO [0m:      Sent reply
[92mINFO [0m:      
[92mINFO [0m:      Received: train message c6303a1d-66bd-4e8b-9141-0eb207bdf860
D:\VIT VELLORE\Academics\SET_PROJECT\Fed-Breath\client.py:44: DeprecationWarning: torch.ao.quantization is deprecated and will be removed in 2.10. 
For migrations of users: 
1. Eager mode quantization (torch.ao.quantization.quantize, torch.ao.quantization.quantize_dynamic), please migrate to use torchao eager mode quantize_ API instead 
2. FX graph mode quantization (torch.ao.quantization.quantize_fx.prepare_fx,torch.ao.quantization.quantize_fx.convert_fx, please migrate to use torchao pt2e quantization API instead (prepare_pt2e, convert_pt2e) 
3. pt2e quantization has been migrated to torchao (https://github.com/pytorch/ao/tree/main/torchao/quantization/pt2e) 
see https://github.com/pytorch/ao/issues/2259 for more details
  return torch.quantization.quantize_dynamic(
[92mINFO [0m:      Sent reply
[92mINFO [0m:      
[92mINFO [0m:      Received: evaluate message 9826f56c-4817-4eab-91bc-db0ae9a10b66
[92mINFO [0m:      Sent reply
[92mINFO [0m:      
[92mINFO [0m:      Received: train message 38e4c0fb-ecc8-45c1-8df4-1700ded7b4eb
D:\VIT VELLORE\Academics\SET_PROJECT\Fed-Breath\client.py:44: DeprecationWarning: torch.ao.quantization is deprecated and will be removed in 2.10. 
For migrations of users: 
1. Eager mode quantization (torch.ao.quantization.quantize, torch.ao.quantization.quantize_dynamic), please migrate to use torchao eager mode quantize_ API instead 
2. FX graph mode quantization (torch.ao.quantization.quantize_fx.prepare_fx,torch.ao.quantization.quantize_fx.convert_fx, please migrate to use torchao pt2e quantization API instead (prepare_pt2e, convert_pt2e) 
3. pt2e quantization has been migrated to torchao (https://github.com/pytorch/ao/tree/main/torchao/quantization/pt2e) 
see https://github.com/pytorch/ao/issues/2259 for more details
  return torch.quantization.quantize_dynamic(
[92mINFO [0m:      Sent reply
[92mINFO [0m:      
[92mINFO [0m:      Received: evaluate message 96359218-1d68-4500-99a5-6503b2058242
[92mINFO [0m:      Sent reply
[92mINFO [0m:      
[92mINFO [0m:      Received: train message f1e4fc87-7358-46f9-a185-d4f5318825c0
D:\VIT VELLORE\Academics\SET_PROJECT\Fed-Breath\client.py:44: DeprecationWarning: torch.ao.quantization is deprecated and will be removed in 2.10. 
For migrations of users: 
1. Eager mode quantization (torch.ao.quantization.quantize, torch.ao.quantization.quantize_dynamic), please migrate to use torchao eager mode quantize_ API instead 
2. FX graph mode quantization (torch.ao.quantization.quantize_fx.prepare_fx,torch.ao.quantization.quantize_fx.convert_fx, please migrate to use torchao pt2e quantization API instead (prepare_pt2e, convert_pt2e) 
3. pt2e quantization has been migrated to torchao (https://github.com/pytorch/ao/tree/main/torchao/quantization/pt2e) 
see https://github.com/pytorch/ao/issues/2259 for more details
  return torch.quantization.quantize_dynamic(
[92mINFO [0m:      Sent reply
[92mINFO [0m:      
[92mINFO [0m:      Received: evaluate message 4f4fecbc-3d37-46ef-8db9-24aed7ac255b
[92mINFO [0m:      Sent reply
[92mINFO [0m:      
[92mINFO [0m:      Received: train message 7d8d89f5-6218-4e98-a0cd-aa44bf88d81a
D:\VIT VELLORE\Academics\SET_PROJECT\Fed-Breath\client.py:44: DeprecationWarning: torch.ao.quantization is deprecated and will be removed in 2.10. 
For migrations of users: 
1. Eager mode quantization (torch.ao.quantization.quantize, torch.ao.quantization.quantize_dynamic), please migrate to use torchao eager mode quantize_ API instead 
2. FX graph mode quantization (torch.ao.quantization.quantize_fx.prepare_fx,torch.ao.quantization.quantize_fx.convert_fx, please migrate to use torchao pt2e quantization API instead (prepare_pt2e, convert_pt2e) 
3. pt2e quantization has been migrated to torchao (https://github.com/pytorch/ao/tree/main/torchao/quantization/pt2e) 
see https://github.com/pytorch/ao/issues/2259 for more details
  return torch.quantization.quantize_dynamic(
[92mINFO [0m:      Sent reply
[92mINFO [0m:      
[92mINFO [0m:      Received: evaluate message 10b9521f-c9e0-4e68-a812-ff7d498d7db6
[92mINFO [0m:      Sent reply
[92mINFO [0m:      
[92mINFO [0m:      Received: train message d8b2648c-e29e-498a-8339-1e5292de80de
D:\VIT VELLORE\Academics\SET_PROJECT\Fed-Breath\client.py:44: DeprecationWarning: torch.ao.quantization is deprecated and will be removed in 2.10. 
For migrations of users: 
1. Eager mode quantization (torch.ao.quantization.quantize, torch.ao.quantization.quantize_dynamic), please migrate to use torchao eager mode quantize_ API instead 
2. FX graph mode quantization (torch.ao.quantization.quantize_fx.prepare_fx,torch.ao.quantization.quantize_fx.convert_fx, please migrate to use torchao pt2e quantization API instead (prepare_pt2e, convert_pt2e) 
3. pt2e quantization has been migrated to torchao (https://github.com/pytorch/ao/tree/main/torchao/quantization/pt2e) 
see https://github.com/pytorch/ao/issues/2259 for more details
  return torch.quantization.quantize_dynamic(
[92mINFO [0m:      Sent reply
Starting Hospital Node #0 on cpu
Differential Privacy : ENABLED
Anomaly Detection    : ENABLED (lambda=0.3)
✅ Found 53 patient files in data/raw
[DP] WARNING: Opacus not installed. Run: pip install opacus
[Stats] Node 0 | RQI: 0.1000
   Anomaly distribution this round:
   0 Normal              :    0 samples
   1 Bradypnea           :    0 samples
   2 Apnea               :    5 samples
   3 Tachypnea           :   11 samples
   4 Severe Tachypnea    :    0 samples
[Edge]  Edge: FP32=0.561MB -> INT8=0.157MB (72.0%)
[Stats] Node 0 | RQI: 0.1000
   Anomaly distribution this round:
   0 Normal              :    0 samples
   1 Bradypnea           :    0 samples
   2 Apnea               :    2 samples
   3 Tachypnea           :   14 samples
   4 Severe Tachypnea    :    0 samples
[Edge]  Edge: FP32=0.561MB -> INT8=0.157MB (72.0%)
[Stats] Node 0 | RQI: 0.1000
   Anomaly distribution this round:
   0 Normal              :    4 samples
   1 Bradypnea           :    0 samples
   2 Apnea               :    3 samples
   3 Tachypnea           :    9 samples
   4 Severe Tachypnea    :    0 samples
[Edge]  Edge: FP32=0.561MB -> INT8=0.157MB (72.0%)
[Stats] Node 0 | RQI: 0.1000
   Anomaly distribution this round:
   0 Normal              :   15 samples
   1 Bradypnea           :    0 samples
   2 Apnea               :    0 samples
   3 Tachypnea           :    1 samples
   4 Severe Tachypnea    :    0 samples
[Edge]  Edge: FP32=0.561MB -> INT8=0.157MB (72.0%)
[Stats] Node 0 | RQI: 0.1000
   Anomaly distribution this round:
   0 Normal              :   16 samples
   1 Bradypnea           :    0 samples
   2 Apnea               :    0 samples
   3 Tachypnea           :    0 samples
   4 Severe Tachypnea    :    0 samples
[Edge]  Edge: FP32=0.561MB -> INT8=0.157MB (72.0%)
[Stats] Node 0 | RQI: 0.1000
   Anomaly distribution this round:
   0 Normal              :   16 samples
   1 Bradypnea           :    0 samples
   2 Apnea               :    0 samples
   3 Tachypnea           :    0 samples
   4 Severe Tachypnea    :    0 samples
[Edge]  Edge: FP32=0.561MB -> INT8=0.157MB (72.0%)
[Stats] Node 0 | RQI: 0.1000
   Anomaly distribution this round:
   0 Normal              :   16 samples
   1 Bradypnea           :    0 samples
   2 Apnea               :    0 samples
   3 Tachypnea           :    0 samples
   4 Severe Tachypnea    :    0 samples
[Edge]  Edge: FP32=0.561MB -> INT8=0.157MB (72.0%)
[Stats] Node 0 | RQI: 0.1000
   Anomaly distribution this round:
   0 Normal              :   16 samples
   1 Bradypnea           :    0 samples
   2 Apnea               :    0 samples
   3 Tachypnea           :    0 samples
   4 Severe Tachypnea    :    0 samples
[Edge]  Edge: FP32=0.561MB -> INT8=0.157MB (72.0%)
[Stats] Node 0 | RQI: 0.1000
   Anomaly distribution this round:
   0 Normal              :   16 samples
   1 Bradypnea           :    0 samples
   2 Apnea               :    0 samples
   3 Tachypnea           :    0 samples
   4 Severe Tachypnea    :    0 samples
[Edge]  Edge: FP32=0.561MB -> INT8=0.157MB (72.0%)
[Stats] Node 0 | RQI: 0.1000
   Anomaly distribution this round:
   0 Normal              :   16 samples
   1 Bradypnea           :    0 samples
   2 Apnea               :    0 samples
   3 Tachypnea           :    0 samples
   4 Severe Tachypnea    :    0 samples
[Edge]  Edge: FP32=0.561MB -> INT8=0.157MB (72.0%)
[Stats] Node 0 | RQI: 0.1000
   Anomaly distribution this round:
   0 Normal              :   16 samples
   1 Bradypnea           :    0 samples
   2 Apnea               :    0 samples
   3 Tachypnea           :    0 samples
   4 Severe Tachypnea    :    0 samples
[Edge]  Edge: FP32=0.561MB -> INT8=0.157MB (72.0%)
[Stats] Node 0 | RQI: 0.1000
   Anomaly distribution this round:
   0 Normal              :   16 samples
   1 Bradypnea           :    0 samples
   2 Apnea               :    0 samples
   3 Tachypnea           :    0 samples
   4 Severe Tachypnea    :    0 samples
[Edge]  Edge: FP32=0.561MB -> INT8=0.157MB (72.0%)
[Stats] Node 0 | RQI: 0.1000
   Anomaly distribution this round:
   0 Normal              :   16 samples
   1 Bradypnea           :    0 samples
   2 Apnea               :    0 samples
   3 Tachypnea           :    0 samples
   4 Severe Tachypnea    :    0 samples
[Edge]  Edge: FP32=0.561MB -> INT8=0.157MB (72.0%)
[Stats] Node 0 | RQI: 0.1000
   Anomaly distribution this round:
   0 Normal              :   16 samples
   1 Bradypnea           :    0 samples
   2 Apnea               :    0 samples
   3 Tachypnea           :    0 samples
   4 Severe Tachypnea    :    0 samples
[Edge]  Edge: FP32=0.561MB -> INT8=0.157MB (72.0%)
[Stats] Node 0 | RQI: 0.1000
   Anomaly distribution this round:
   0 Normal              :   16 samples
   1 Bradypnea           :    0 samples
   2 Apnea               :    0 samples
   3 Tachypnea           :    0 samples
   4 Severe Tachypnea    :    0 samples
[Edge]  Edge: FP32=0.561MB -> INT8=0.157MB (72.0%)
[Stats] Node 0 | RQI: 0.1000
   Anomaly distribution this round:
   0 Normal              :   16 samples
   1 Bradypnea           :    0 samples
   2 Apnea               :    0 samples
   3 Tachypnea           :    0 samples
   4 Severe Tachypnea    :    0 samples
[Edge]  Edge: FP32=0.561MB -> INT8=0.157MB (72.0%)
[Stats] Node 0 | RQI: 0.1000
   Anomaly distribution this round:
   0 Normal              :   16 samples
   1 Bradypnea           :    0 samples
   2 Apnea               :    0 samples
   3 Tachypnea           :    0 samples
   4 Severe Tachypnea    :    0 samples
[Edge]  Edge: FP32=0.561MB -> INT8=0.157MB (72.0%)
Traceback (most recent call last):
  File "D:\VIT VELLORE\Academics\SET_PROJECT\Fed-Breath\client.py", line 273, in <module>
    main()
    ~~~~^^
  File "D:\VIT VELLORE\Academics\SET_PROJECT\Fed-Breath\client.py", line 267, in main
    fl.client.start_numpy_client(
    ~~~~~~~~~~~~~~~~~~~~~~~~~~~~^
        server_address="127.0.0.1:8085",
        ^^^^^^^^^^^^^^^^^^^^^^^^^^^^^^^^
        client=BreathClient(model, train_loader, val_loader, node_id=args.node_id),
        ^^^^^^^^^^^^^^^^^^^^^^^^^^^^^^^^^^^^^^^^^^^^^^^^^^^^^^^^^^^^^^^^^^^^^^^^^^^
    )
    ^
  File "C:\Users\RAMCHANDRA S NAIK\AppData\Local\Programs\Python\Python313\Lib\site-packages\flwr\compat\client\app.py", line 625, in start_numpy_client
    start_client(
    ~~~~~~~~~~~~^
        server_address=server_address,
        ^^^^^^^^^^^^^^^^^^^^^^^^^^^^^^
    ...<4 lines>...
        transport=transport,
        ^^^^^^^^^^^^^^^^^^^^
    )
    ^
  File "C:\Users\RAMCHANDRA S NAIK\AppData\Local\Programs\Python\Python313\Lib\site-packages\flwr\compat\client\app.py", line 184, in start_client
    start_client_internal(
    ~~~~~~~~~~~~~~~~~~~~~^
        server_address=server_address,
        ^^^^^^^^^^^^^^^^^^^^^^^^^^^^^^
    ...<10 lines>...
        max_wait_time=max_wait_time,
        ^^^^^^^^^^^^^^^^^^^^^^^^^^^^
    )
    ^
  File "C:\Users\RAMCHANDRA S NAIK\AppData\Local\Programs\Python\Python313\Lib\site-packages\flwr\compat\client\app.py", line 395, in start_client_internal
    message = receive()
  File "C:\Users\RAMCHANDRA S NAIK\AppData\Local\Programs\Python\Python313\Lib\site-packages\flwr\compat\client\grpc_client\connection.py", line 142, in receive
    proto = next(server_message_iterator)
  File "C:\Users\RAMCHANDRA S NAIK\AppData\Local\Programs\Python\Python313\Lib\site-packages\grpc\_channel.py", line 538, in __next__
    return self._next()
           ~~~~~~~~~~^^
  File "C:\Users\RAMCHANDRA S NAIK\AppData\Local\Programs\Python\Python313\Lib\site-packages\grpc\_channel.py", line 945, in _next
    raise self
grpc._channel._MultiThreadedRendezvous: <_MultiThreadedRendezvous of RPC that terminated with:
	status = StatusCode.UNAVAILABLE
	details = "IOCP/Socket: Connection reset (An existing connection was forcibly closed by the remote host.
 -- 10054)"
	debug_error_string = "UNKNOWN:Error received from peer ipv4:127.0.0.1:8085 {grpc_status:14, grpc_message:"IOCP/Socket: Connection reset (An existing connection was forcibly closed by the remote host.\r\n -- 10054)"}"
>
