[93mWARNING [0m:   DEPRECATED FEATURE: flwr.client.start_numpy_client() is deprecated. 
	Instead, use `flwr.client.start_client()` by ensuring you first call the `.to_client()` method as shown below: 
	flwr.client.start_client(
		server_address='<IP>:<PORT>',
		client=FlowerClient().to_client(), # <-- where FlowerClient is of type flwr.client.NumPyClient object
	)
	Using `start_numpy_client()` is deprecated.

            This is a deprecated feature. It will be removed
            entirely in future versions of Flower.
        
[93mWARNING [0m:   DEPRECATED FEATURE: flwr.client.start_client() is deprecated.
	Instead, use the `flower-supernode` CLI command to start a SuperNode as shown below:

		$ flower-supernode --insecure --superlink='<IP>:<PORT>'

	To view all available options, run:

		$ flower-supernode --help

	Using `start_client()` is deprecated.

            This is a deprecated feature. It will be removed
            entirely in future versions of Flower.
        
[92mINFO [0m:      
[92mINFO [0m:      Received: get_parameters message 8e60a2fd-3174-4721-9800-66abd0a8b53b
[92mINFO [0m:      Sent reply
[92mINFO [0m:      
[92mINFO [0m:      Received: train message 640bac15-1111-4b29-9f7e-534f23e08a36
[92mINFO [0m:      Sent reply
[92mINFO [0m:      
[92mINFO [0m:      Received: evaluate message e65bf0ea-73e7-4084-acd3-9437fca205bc
[92mINFO [0m:      Sent reply
[92mINFO [0m:      
[92mINFO [0m:      Received: train message 9a5e6314-d043-4de0-b0b7-416f6f05caf4
[92mINFO [0m:      Sent reply
[92mINFO [0m:      
[92mINFO [0m:      Received: evaluate message 754f6526-cb8c-45f0-b74f-dea57f35786f
[92mINFO [0m:      Sent reply
[92mINFO [0m:      
[92mINFO [0m:      Received: train message 32ff754d-d0df-4fd5-8a13-cac7935cff0a
[92mINFO [0m:      Sent reply
[92mINFO [0m:      
[92mINFO [0m:      Received: evaluate message ffb6055a-d434-4c6c-9b10-0cc2a32b1407
[92mINFO [0m:      Sent reply
[92mINFO [0m:      
[92mINFO [0m:      Received: train message b0d6066d-6841-431c-9004-8164ef1f1912
[92mINFO [0m:      Sent reply
[92mINFO [0m:      
[92mINFO [0m:      Received: evaluate message 843a2de3-59f8-453f-bbd9-955e921d7a4c
[92mINFO [0m:      Sent reply
[92mINFO [0m:      
[92mINFO [0m:      Received: train message c8cf620b-2717-48bf-b092-0e6376513190
[92mINFO [0m:      Sent reply
[92mINFO [0m:      
[92mINFO [0m:      Received: evaluate message 2f7774b7-6b3f-4252-b0e8-f867f9ba57f0
[92mINFO [0m:      Sent reply
[92mINFO [0m:      
[92mINFO [0m:      Received: train message a2296a97-3a2e-4016-a063-ee4bf78a6287
[92mINFO [0m:      Sent reply
[92mINFO [0m:      
[92mINFO [0m:      Received: evaluate message 86facb4a-53dd-4318-a5ac-04e1e5ebbf57
[92mINFO [0m:      Sent reply
[92mINFO [0m:      
[92mINFO [0m:      Received: train message b6b4b7df-e70e-4e92-956c-5214a4f51add
[92mINFO [0m:      Sent reply
[92mINFO [0m:      
[92mINFO [0m:      Received: evaluate message bdd38ad1-d35d-4bbe-8392-fd7e61724175
[92mINFO [0m:      Sent reply
[92mINFO [0m:      
[92mINFO [0m:      Received: train message 1af412f1-719b-44c5-be4e-489c1e5ce1ca
[92mINFO [0m:      Sent reply
[92mINFO [0m:      
[92mINFO [0m:      Received: evaluate message ea0596d1-4b15-4c15-9ae3-e38d2f942926
[92mINFO [0m:      Sent reply
[92mINFO [0m:      
[92mINFO [0m:      Received: train message 46ae018f-9905-48f4-a9db-555fdbd16b0b
[92mINFO [0m:      Sent reply
[92mINFO [0m:      
[92mINFO [0m:      Received: evaluate message 9ece826e-7ba4-4aa6-ac84-e66e1c37c651
[92mINFO [0m:      Sent reply
[92mINFO [0m:      
[92mINFO [0m:      Received: train message 9c0998ea-d6fd-4c3d-ad23-b120573190bf
[92mINFO [0m:      Sent reply
[92mINFO [0m:      
[92mINFO [0m:      Received: evaluate message c6db94da-fece-4e37-99bf-a9f8a2af068b
[92mINFO [0m:      Sent reply
[92mINFO [0m:      
[92mINFO [0m:      Received: train message e8327de2-a2c7-4985-972d-d0c652ac214c
[92mINFO [0m:      Sent reply
[92mINFO [0m:      
[92mINFO [0m:      Received: evaluate message 1f551d69-b6f9-49a4-ace6-96f0698df41e
[92mINFO [0m:      Sent reply
[92mINFO [0m:      
[92mINFO [0m:      Received: train message 9a898e99-b15f-4fa4-b1c5-4faf4f2cad97
[92mINFO [0m:      Sent reply
[92mINFO [0m:      
[92mINFO [0m:      Received: evaluate message 104e96d2-519a-470d-bcdf-a21f6b591b9f
[92mINFO [0m:      Sent reply
[92mINFO [0m:      
[92mINFO [0m:      Received: train message 658f5c5f-c1e1-46c0-9ec9-83e6de1459a8
[92mINFO [0m:      Sent reply
[92mINFO [0m:      
[92mINFO [0m:      Received: evaluate message 1a85c3ae-996b-422a-bcf9-2986d7e95f8c
[92mINFO [0m:      Sent reply
[92mINFO [0m:      
[92mINFO [0m:      Received: train message 15d23935-9413-4ba6-bbaa-f31ec6139419
[92mINFO [0m:      Sent reply
[92mINFO [0m:      
[92mINFO [0m:      Received: evaluate message 4e544b11-d44a-4a79-a34d-9ab225874acb
[92mINFO [0m:      Sent reply
[92mINFO [0m:      
[92mINFO [0m:      Received: train message 8fd25f57-f578-4084-b3d3-89e8b23926d1
[92mINFO [0m:      Sent reply
[92mINFO [0m:      
[92mINFO [0m:      Received: evaluate message a73c0b7f-8954-4f52-8e57-88026c65417d
[92mINFO [0m:      Sent reply
[92mINFO [0m:      
[92mINFO [0m:      Received: train message d4ef4d79-ceab-44cb-a6a3-3b897e80271e
[92mINFO [0m:      Sent reply
[92mINFO [0m:      
[92mINFO [0m:      Received: evaluate message 011e4d85-b31c-4d5e-a9ad-4f7126afae10
[92mINFO [0m:      Sent reply
[92mINFO [0m:      
[92mINFO [0m:      Received: train message b7ad64f5-5acf-48f2-ae44-1fa4310a9f2d
[92mINFO [0m:      Sent reply
[92mINFO [0m:      
[92mINFO [0m:      Received: evaluate message 44e01fd8-77db-45bf-ae02-225e910c8a84
[92mINFO [0m:      Sent reply
[92mINFO [0m:      
[92mINFO [0m:      Received: train message fe342143-bfef-44bc-a9b0-d791e5c0059c
[92mINFO [0m:      Sent reply
[92mINFO [0m:      
[92mINFO [0m:      Received: evaluate message 43c7a0f0-887b-40dc-ac35-a0da143d42a0
[92mINFO [0m:      Sent reply
[Node] Starting FedProx Node #1 on cpu
[FedProx] Proximal term mu = 0.01  (FedProx)
✅ Found 53 patient files in data/raw
[FedProx] Node 1 | RQI: 0.1000 | ProxTerm: 0.002411 | mu=0.01
[FedProx] Node 1 | RQI: 0.1000 | ProxTerm: 0.002089 | mu=0.01
[FedProx] Node 1 | RQI: 0.1000 | ProxTerm: 0.001915 | mu=0.01
[FedProx] Node 1 | RQI: 0.1000 | ProxTerm: 0.001836 | mu=0.01
[FedProx] Node 1 | RQI: 0.1000 | ProxTerm: 0.001853 | mu=0.01
[FedProx] Node 1 | RQI: 0.1000 | ProxTerm: 0.001937 | mu=0.01
[FedProx] Node 1 | RQI: 0.1000 | ProxTerm: 0.002071 | mu=0.01
[FedProx] Node 1 | RQI: 0.1000 | ProxTerm: 0.002246 | mu=0.01
[FedProx] Node 1 | RQI: 0.1000 | ProxTerm: 0.002377 | mu=0.01
[FedProx] Node 1 | RQI: 0.1000 | ProxTerm: 0.002354 | mu=0.01
[FedProx] Node 1 | RQI: 0.1000 | ProxTerm: 0.002219 | mu=0.01
[FedProx] Node 1 | RQI: 0.1000 | ProxTerm: 0.002052 | mu=0.01
[FedProx] Node 1 | RQI: 0.1000 | ProxTerm: 0.001865 | mu=0.01
[FedProx] Node 1 | RQI: 0.1000 | ProxTerm: 0.001654 | mu=0.01
[FedProx] Node 1 | RQI: 0.1000 | ProxTerm: 0.001436 | mu=0.01
[FedProx] Node 1 | RQI: 0.1000 | ProxTerm: 0.001225 | mu=0.01
[FedProx] Node 1 | RQI: 0.1000 | ProxTerm: 0.001033 | mu=0.01
[FedProx] Node 1 | RQI: 0.1000 | ProxTerm: 0.000865 | mu=0.01
Traceback (most recent call last):
  File "D:\VIT VELLORE\Academics\SET_PROJECT\Fed-Breath\fedprox_client.py", line 464, in <module>
    main()
    ~~~~^^
  File "D:\VIT VELLORE\Academics\SET_PROJECT\Fed-Breath\fedprox_client.py", line 457, in main
    fl.client.start_numpy_client(
    ~~~~~~~~~~~~~~~~~~~~~~~~~~~~^
        server_address="127.0.0.1:8085",
        ^^^^^^^^^^^^^^^^^^^^^^^^^^^^^^^^
        client=FedProxClient(model, train_loader, val_loader,
        ^^^^^^^^^^^^^^^^^^^^^^^^^^^^^^^^^^^^^^^^^^^^^^^^^^^^^
                             node_id=args.node_id, mu=args.mu),
                             ^^^^^^^^^^^^^^^^^^^^^^^^^^^^^^^^^^
    )
    ^
  File "C:\Users\RAMCHANDRA S NAIK\AppData\Local\Programs\Python\Python313\Lib\site-packages\flwr\compat\client\app.py", line 625, in start_numpy_client
    start_client(
    ~~~~~~~~~~~~^
        server_address=server_address,
        ^^^^^^^^^^^^^^^^^^^^^^^^^^^^^^
    ...<4 lines>...
        transport=transport,
        ^^^^^^^^^^^^^^^^^^^^
    )
    ^
  File "C:\Users\RAMCHANDRA S NAIK\AppData\Local\Programs\Python\Python313\Lib\site-packages\flwr\compat\client\app.py", line 184, in start_client
    start_client_internal(
    ~~~~~~~~~~~~~~~~~~~~~^
        server_address=server_address,
        ^^^^^^^^^^^^^^^^^^^^^^^^^^^^^^
    ...<10 lines>...
        max_wait_time=max_wait_time,
        ^^^^^^^^^^^^^^^^^^^^^^^^^^^^
    )
    ^
  File "C:\Users\RAMCHANDRA S NAIK\AppData\Local\Programs\Python\Python313\Lib\site-packages\flwr\compat\client\app.py", line 395, in start_client_internal
    message = receive()
  File "C:\Users\RAMCHANDRA S NAIK\AppData\Local\Programs\Python\Python313\Lib\site-packages\flwr\compat\client\grpc_client\connection.py", line 142, in receive
    proto = next(server_message_iterator)
  File "C:\Users\RAMCHANDRA S NAIK\AppData\Local\Programs\Python\Python313\Lib\site-packages\grpc\_channel.py", line 538, in __next__
    return self._next()
           ~~~~~~~~~~^^
  File "C:\Users\RAMCHANDRA S NAIK\AppData\Local\Programs\Python\Python313\Lib\site-packages\grpc\_channel.py", line 962, in _next
    raise self
grpc._channel._MultiThreadedRendezvous: <_MultiThreadedRendezvous of RPC that terminated with:
	status = StatusCode.UNAVAILABLE
	details = "IOCP/Socket: Connection reset (An existing connection was forcibly closed by the remote host.
 -- 10054)"
	debug_error_string = "UNKNOWN:Error received from peer ipv4:127.0.0.1:8085 {grpc_status:14, grpc_message:"IOCP/Socket: Connection reset (An existing connection was forcibly closed by the remote host.\r\n -- 10054)"}"
>
